<?xml version="1.0" encoding="UTF-8"?>
<testsuite name="AddNewCar" tests="1" skipped="0" failures="0" errors="0" timestamp="2023-07-18T16:52:10" hostname="QA" time="7.175">
  <properties/>
  <testcase name="addNewCarPositive" classname="AddNewCar" time="7.175"/>
  <system-out><![CDATA[]]></system-out>
  <system-err><![CDATA[]]></system-err>
</testsuite>
